<?xml version="1.0" encoding="UTF-8"?>
<!-- Generated by org.testng.reporters.JUnitReportReporter -->
<testsuite skipped="0" hostname="Sheikh" name="com.runner.ZooplaRunner" tests="1" failures="0" timestamp="07 Aug 2020 21:38:06 GMT" time="0.185" errors="1">
  <testcase name="runScenario" time="0.185" classname="com.runner.ZooplaRunner">
    <error type="cucumber.runtime.CucumberException" message="java.util.regex.PatternSyntaxException: Unmatched closing &#039;)&#039; near index 40
^Validate login was success\(sign out btn)$
                                        ^">
      <![CDATA[cucumber.runtime.CucumberException: java.util.regex.PatternSyntaxException: Unmatched closing ')' near index 40
^Validate login was success\(sign out btn)$
                                        ^
at cucumber.runtime.java.JavaBackend.addStepDefinition(JavaBackend.java:153)
at cucumber.runtime.java.MethodScanner.scan(MethodScanner.java:64)
at cucumber.runtime.java.MethodScanner.scan(MethodScanner.java:41)
at cucumber.runtime.java.JavaBackend.loadGlue(JavaBackend.java:82)
at cucumber.runner.Runner.<init>(Runner.java:28)
at cucumber.runner.ThreadLocalRunnerSupplier.createRunner(ThreadLocalRunnerSupplier.java:42)
at cucumber.runner.ThreadLocalRunnerSupplier.access$000(ThreadLocalRunnerSupplier.java:13)
at cucumber.runner.ThreadLocalRunnerSupplier$1.initialValue(ThreadLocalRunnerSupplier.java:22)
at cucumber.runner.ThreadLocalRunnerSupplier$1.initialValue(ThreadLocalRunnerSupplier.java:19)
at java.lang.ThreadLocal.setInitialValue(ThreadLocal.java:180)
at java.lang.ThreadLocal.get(ThreadLocal.java:170)
at cucumber.runner.ThreadLocalRunnerSupplier.get(ThreadLocalRunnerSupplier.java:38)
at cucumber.api.testng.TestNGCucumberRunner.runScenario(TestNGCucumberRunner.java:63)
at cucumber.api.testng.AbstractTestNGCucumberTests.runScenario(AbstractTestNGCucumberTests.java:22)
at sun.reflect.NativeMethodAccessorImpl.invoke0(Native Method)
at sun.reflect.NativeMethodAccessorImpl.invoke(NativeMethodAccessorImpl.java:62)
at sun.reflect.DelegatingMethodAccessorImpl.invoke(DelegatingMethodAccessorImpl.java:43)
at java.lang.reflect.Method.invoke(Method.java:498)
at org.testng.internal.MethodInvocationHelper.invokeMethod(MethodInvocationHelper.java:124)
at org.testng.internal.Invoker.invokeMethod(Invoker.java:583)
at org.testng.internal.Invoker.invokeTestMethod(Invoker.java:719)
at org.testng.internal.Invoker.invokeTestMethods(Invoker.java:989)
at org.testng.internal.TestMethodWorker.invokeTestMethods(TestMethodWorker.java:125)
at org.testng.internal.TestMethodWorker.run(TestMethodWorker.java:109)
at org.testng.TestRunner.privateRun(TestRunner.java:648)
at org.testng.TestRunner.run(TestRunner.java:505)
at org.testng.SuiteRunner.runTest(SuiteRunner.java:455)
at org.testng.SuiteRunner.runSequentially(SuiteRunner.java:450)
at org.testng.SuiteRunner.privateRun(SuiteRunner.java:415)
at org.testng.SuiteRunner.run(SuiteRunner.java:364)
at org.testng.SuiteRunnerWorker.runSuite(SuiteRunnerWorker.java:52)
at org.testng.SuiteRunnerWorker.run(SuiteRunnerWorker.java:84)
at org.testng.TestNG.runSuitesSequentially(TestNG.java:1208)
at org.testng.TestNG.runSuitesLocally(TestNG.java:1137)
at org.testng.TestNG.runSuites(TestNG.java:1049)
at org.testng.TestNG.run(TestNG.java:1017)
at org.testng.remote.AbstractRemoteTestNG.run(AbstractRemoteTestNG.java:115)
at org.testng.remote.RemoteTestNG.initAndRun(RemoteTestNG.java:251)
at org.testng.remote.RemoteTestNG.main(RemoteTestNG.java:77)
Caused by: java.util.regex.PatternSyntaxException: Unmatched closing ')' near index 40
^Validate login was success\(sign out btn)$
                                        ^
at java.util.regex.Pattern.error(Pattern.java:1957)
at java.util.regex.Pattern.compile(Pattern.java:1702)
at java.util.regex.Pattern.<init>(Pattern.java:1351)
at java.util.regex.Pattern.compile(Pattern.java:1028)
at io.cucumber.cucumberexpressions.ExpressionFactory.createRegularExpressionWithAnchors(ExpressionFactory.java:50)
at io.cucumber.cucumberexpressions.ExpressionFactory.createExpression(ExpressionFactory.java:27)
at io.cucumber.stepexpression.StepExpressionFactory.createExpression(StepExpressionFactory.java:34)
at cucumber.runtime.java.JavaStepDefinition.createExpression(JavaStepDefinition.java:48)
at cucumber.runtime.java.JavaStepDefinition.<init>(JavaStepDefinition.java:40)
at cucumber.runtime.java.JavaBackend.addStepDefinition(JavaBackend.java:146)
... 38 more
]]>
    </error>
  </testcase> <!-- runScenario -->
</testsuite> <!-- com.runner.ZooplaRunner -->
